ago. 25, 2025 10:01:00 PM liquibase.changelog
INFORMA합ES: Reading resource: db/changelog/migrations/db.changelog-20250825.sql
ago. 25, 2025 10:01:00 PM liquibase.changelog
INFORMA합ES: Reading resource: db/changelog/migrations/db.changelog-20250825_2.sql
ago. 25, 2025 10:01:00 PM liquibase.changelog
INFORMA합ES: Reading resource: db/changelog/migrations/db.changelog-20250825_3.sql
ago. 25, 2025 10:01:00 PM liquibase.changelog
INFORMA합ES: Reading resource: db/changelog/migrations/db.changelog-20250825_4.sql
ago. 25, 2025 10:01:00 PM liquibase.changelog
INFORMA합ES: Reading resource: db/changelog/migrations/db.changelog-20250825_5.sql
ago. 25, 2025 10:01:00 PM liquibase.changelog
INFORMA합ES: Creating database history table with name: board.databasechangelog
ago. 25, 2025 10:01:00 PM liquibase.changelog
INFORMA합ES: Reading from board.databasechangelog
ago. 25, 2025 10:01:00 PM liquibase.lockservice
INFORMA합ES: Successfully acquired change log lock
ago. 25, 2025 10:01:00 PM liquibase.command
INFORMA합ES: Using deploymentId: 6170060991
ago. 25, 2025 10:01:00 PM liquibase.changelog
INFORMA합ES: Reading from board.databasechangelog
Running Changeset: db/changelog/migrations/db.changelog-20250825.sql::20250825::lima
ago. 25, 2025 10:01:01 PM liquibase.changelog
INFORMA합ES: Custom SQL executed
ago. 25, 2025 10:01:01 PM liquibase.changelog
INFORMA합ES: ChangeSet db/changelog/migrations/db.changelog-20250825.sql::20250825::lima ran successfully in 66ms
Running Changeset: db/changelog/migrations/db.changelog-20250825_2.sql::2::lima
ago. 25, 2025 10:01:01 PM liquibase.changelog
INFORMA합ES: Custom SQL executed
ago. 25, 2025 10:01:01 PM liquibase.changelog
INFORMA합ES: ChangeSet db/changelog/migrations/db.changelog-20250825_2.sql::2::lima ran successfully in 65ms
Running Changeset: db/changelog/migrations/db.changelog-20250825_3.sql::3::lima
ago. 25, 2025 10:01:01 PM liquibase.changelog
INFORMA합ES: Custom SQL executed
ago. 25, 2025 10:01:01 PM liquibase.changelog
INFORMA합ES: ChangeSet db/changelog/migrations/db.changelog-20250825_3.sql::3::lima ran successfully in 80ms
Running Changeset: db/changelog/migrations/db.changelog-20250825_4.sql::4::lima
ago. 25, 2025 10:01:01 PM liquibase.changelog
INFORMA합ES: Custom SQL executed
ago. 25, 2025 10:01:01 PM liquibase.changelog
INFORMA합ES: ChangeSet db/changelog/migrations/db.changelog-20250825_4.sql::4::lima ran successfully in 66ms
Running Changeset: db/changelog/migrations/db.changelog-20250825_5.sql::5::lima
ago. 25, 2025 10:01:01 PM liquibase.changelog
INFORMA합ES: Custom SQL executed
ago. 25, 2025 10:01:01 PM liquibase.changelog
INFORMA합ES: ChangeSet db/changelog/migrations/db.changelog-20250825_5.sql::5::lima ran successfully in 131ms

UPDATE SUMMARY
Run:                          5
Previously run:               0
Filtered out:                 0
-------------------------------
Total change sets:            5

ago. 25, 2025 10:01:01 PM liquibase.util
INFORMA합ES: UPDATE SUMMARY
ago. 25, 2025 10:01:01 PM liquibase.util
INFORMA합ES: Run:                          5
ago. 25, 2025 10:01:01 PM liquibase.util
INFORMA합ES: Previously run:               0
ago. 25, 2025 10:01:01 PM liquibase.util
INFORMA합ES: Filtered out:                 0
ago. 25, 2025 10:01:01 PM liquibase.util
INFORMA합ES: -------------------------------
ago. 25, 2025 10:01:01 PM liquibase.util
INFORMA합ES: Total change sets:            5
ago. 25, 2025 10:01:01 PM liquibase.util
INFORMA합ES: Update summary generated
ago. 25, 2025 10:01:01 PM liquibase.command
INFORMA합ES: Update command completed successfully.
Liquibase: Update has been successful. Rows affected: 5
ago. 25, 2025 10:01:01 PM liquibase.lockservice
INFORMA합ES: Successfully released change log lock
ago. 25, 2025 10:01:01 PM liquibase.command
INFORMA합ES: Command execution complete
